<?xml version="1.0" encoding="UTF-8"?>
<beans xmlns="http://www.springframework.org/schema/beans"
	xmlns:xsi="http://www.w3.org/2001/XMLSchema-instance"
	xmlns:int="http://www.springframework.org/schema/integration"
	xmlns:int-http="http://www.springframework.org/schema/integration/http"
	xsi:schemaLocation="http://www.springframework.org/schema/integration http://www.springframework.org/schema/integration/spring-integration.xsd
		http://www.springframework.org/schema/beans http://www.springframework.org/schema/beans/spring-beans.xsd
		http://www.springframework.org/schema/integration/http http://www.springframework.org/schema/integration/http/spring-integration-http.xsd">

	<import resource="classpath:/httpgateway.xml"/>
	<int:channel id="test.channel">
		<int:queue/>
	</int:channel>	
	<int:bridge id="messageLogger" input-channel="quakeinfo.channel" output-channel="test.channel" >
		<int:poller fixed-delay="5000"/>
	</int:bridge>

</beans>
